The system is: Linux - sh: 0: getcwd() failed: No such file or directory
5.4.0-99-generic - sh: 0: getcwd() failed: No such file or directory
x86_64
Determining if the C compiler works passed with the following output:
Change Dir: /home/hrp/ceph-common-copy/build/CMakeFiles/CMakeTmp

Run Build Command:"/usr/bin/make" "cmTC_5d7dc/fast"
/usr/bin/make -f CMakeFiles/cmTC_5d7dc.dir/build.make CMakeFiles/cmTC_5d7dc.dir/build
make[1]: Entering directory '/home/hrp/ceph-common-copy/build/CMakeFiles/CMakeTmp'
Building C object CMakeFiles/cmTC_5d7dc.dir/testCCompiler.c.o
/usr/bin/gcc-7    -o CMakeFiles/cmTC_5d7dc.dir/testCCompiler.c.o   -c /home/hrp/ceph-common-copy/build/CMakeFiles/CMakeTmp/testCCompiler.c
Linking C executable cmTC_5d7dc
/usr/bin/cmake -E cmake_link_script CMakeFiles/cmTC_5d7dc.dir/link.txt --verbose=1
/usr/bin/gcc-7      CMakeFiles/cmTC_5d7dc.dir/testCCompiler.c.o  -o cmTC_5d7dc 
make[1]: Leaving directory '/home/hrp/ceph-common-copy/build/CMakeFiles/CMakeTmp'


Detecting C compiler ABI info compiled with the following output:
Change Dir: /home/hrp/ceph-common-copy/build/CMakeFiles/CMakeTmp

Run Build Command:"/usr/bin/make" "cmTC_50314/fast"
/usr/bin/make -f CMakeFiles/cmTC_50314.dir/build.make CMakeFiles/cmTC_50314.dir/build
make[1]: Entering directory '/home/hrp/ceph-common-copy/build/CMakeFiles/CMakeTmp'
Building C object CMakeFiles/cmTC_50314.dir/CMakeCCompilerABI.c.o
/usr/bin/gcc-7    -o CMakeFiles/cmTC_50314.dir/CMakeCCompilerABI.c.o   -c /usr/share/cmake-3.10/Modules/CMakeCCompilerABI.c
Linking C executable cmTC_50314
/usr/bin/cmake -E cmake_link_script CMakeFiles/cmTC_50314.dir/link.txt --verbose=1
/usr/bin/gcc-7      CMakeFiles/cmTC_50314.dir/CMakeCCompilerABI.c.o  -o cmTC_50314 
make[1]: Leaving directory '/home/hrp/ceph-common-copy/build/CMakeFiles/CMakeTmp'


Determining if the CXX compiler works passed with the following output:
Change Dir: /home/hrp/ceph-common-copy/build/CMakeFiles/CMakeTmp

Run Build Command:"/usr/bin/make" "cmTC_19e0b/fast"
/usr/bin/make -f CMakeFiles/cmTC_19e0b.dir/build.make CMakeFiles/cmTC_19e0b.dir/build
make[1]: Entering directory '/home/hrp/ceph-common-copy/build/CMakeFiles/CMakeTmp'
Building CXX object CMakeFiles/cmTC_19e0b.dir/testCXXCompiler.cxx.o
/usr/bin/g++-7     -o CMakeFiles/cmTC_19e0b.dir/testCXXCompiler.cxx.o -c /home/hrp/ceph-common-copy/build/CMakeFiles/CMakeTmp/testCXXCompiler.cxx
Linking CXX executable cmTC_19e0b
/usr/bin/cmake -E cmake_link_script CMakeFiles/cmTC_19e0b.dir/link.txt --verbose=1
/usr/bin/g++-7       CMakeFiles/cmTC_19e0b.dir/testCXXCompiler.cxx.o  -o cmTC_19e0b 
make[1]: Leaving directory '/home/hrp/ceph-common-copy/build/CMakeFiles/CMakeTmp'


Detecting CXX compiler ABI info compiled with the following output:
Change Dir: /home/hrp/ceph-common-copy/build/CMakeFiles/CMakeTmp

Run Build Command:"/usr/bin/make" "cmTC_e327d/fast"
/usr/bin/make -f CMakeFiles/cmTC_e327d.dir/build.make CMakeFiles/cmTC_e327d.dir/build
make[1]: Entering directory '/home/hrp/ceph-common-copy/build/CMakeFiles/CMakeTmp'
Building CXX object CMakeFiles/cmTC_e327d.dir/CMakeCXXCompilerABI.cpp.o
/usr/bin/g++-7     -o CMakeFiles/cmTC_e327d.dir/CMakeCXXCompilerABI.cpp.o -c /usr/share/cmake-3.10/Modules/CMakeCXXCompilerABI.cpp
Linking CXX executable cmTC_e327d
/usr/bin/cmake -E cmake_link_script CMakeFiles/cmTC_e327d.dir/link.txt --verbose=1
/usr/bin/g++-7       CMakeFiles/cmTC_e327d.dir/CMakeCXXCompilerABI.cpp.o  -o cmTC_e327d 
make[1]: Leaving directory '/home/hrp/ceph-common-copy/build/CMakeFiles/CMakeTmp'


Determining if the include file pthread.h exists passed with the following output:
Change Dir: /home/hrp/ceph-common-copy/build/CMakeFiles/CMakeTmp

Run Build Command:"/usr/bin/make" "cmTC_fdb9a/fast"
/usr/bin/make -f CMakeFiles/cmTC_fdb9a.dir/build.make CMakeFiles/cmTC_fdb9a.dir/build
make[1]: Entering directory '/home/hrp/ceph-common-copy/build/CMakeFiles/CMakeTmp'
Building C object CMakeFiles/cmTC_fdb9a.dir/CheckIncludeFile.c.o
/usr/bin/gcc-7    -o CMakeFiles/cmTC_fdb9a.dir/CheckIncludeFile.c.o   -c /home/hrp/ceph-common-copy/build/CMakeFiles/CMakeTmp/CheckIncludeFile.c
Linking C executable cmTC_fdb9a
/usr/bin/cmake -E cmake_link_script CMakeFiles/cmTC_fdb9a.dir/link.txt --verbose=1
/usr/bin/gcc-7      CMakeFiles/cmTC_fdb9a.dir/CheckIncludeFile.c.o  -o cmTC_fdb9a 
make[1]: Leaving directory '/home/hrp/ceph-common-copy/build/CMakeFiles/CMakeTmp'


Determining if the function pthread_create exists in the pthread passed with the following output:
Change Dir: /home/hrp/ceph-common-copy/build/CMakeFiles/CMakeTmp

Run Build Command:"/usr/bin/make" "cmTC_234e4/fast"
/usr/bin/make -f CMakeFiles/cmTC_234e4.dir/build.make CMakeFiles/cmTC_234e4.dir/build
make[1]: Entering directory '/home/hrp/ceph-common-copy/build/CMakeFiles/CMakeTmp'
Building C object CMakeFiles/cmTC_234e4.dir/CheckFunctionExists.c.o
/usr/bin/gcc-7   -DCHECK_FUNCTION_EXISTS=pthread_create   -o CMakeFiles/cmTC_234e4.dir/CheckFunctionExists.c.o   -c /usr/share/cmake-3.10/Modules/CheckFunctionExists.c
Linking C executable cmTC_234e4
/usr/bin/cmake -E cmake_link_script CMakeFiles/cmTC_234e4.dir/link.txt --verbose=1
/usr/bin/gcc-7  -DCHECK_FUNCTION_EXISTS=pthread_create    CMakeFiles/cmTC_234e4.dir/CheckFunctionExists.c.o  -o cmTC_234e4 -lpthread 
make[1]: Leaving directory '/home/hrp/ceph-common-copy/build/CMakeFiles/CMakeTmp'


